I, [2014-06-03T11:04:09.684460 #32092]  INFO -- Kitchen: -----> Starting Kitchen (v1.2.2.dev)
I, [2014-06-03T11:04:10.458105 #32092]  INFO -- Kitchen: -----> Creating <default-ubuntu-1204>...
I, [2014-06-03T11:05:00.084269 #32092]  INFO -- Kitchen: -----> Converging <default-ubuntu-1204>...
E, [2014-06-03T11:19:15.888171 #32092] ERROR -- Kitchen: Converge failed on instance <default-ubuntu-1204>.
I, [2014-06-03T11:22:02.331871 #32233]  INFO -- Kitchen: -----> Starting Kitchen (v1.2.2.dev)
I, [2014-06-03T11:22:03.327854 #32233]  INFO -- Kitchen: -----> Converging <default-ubuntu-1204>...
I, [2014-06-03T11:24:32.500539 #32233]  INFO -- Kitchen: -----> Creating <default-centos-64>...
I, [2014-06-03T11:25:46.828776 #32233]  INFO -- Kitchen: -----> Converging <default-centos-64>...
I, [2014-06-03T11:30:35.158737 #32233]  INFO -- Kitchen: -----> Kitchen is finished. (8m32.83s)
I, [2014-06-03T11:30:51.420710 #32354]  INFO -- Kitchen: -----> Starting Kitchen (v1.2.2.dev)
I, [2014-06-03T11:30:53.757343 #32354]  INFO -- Kitchen: -----> Setting up <default-ubuntu-1204>...
I, [2014-06-03T11:31:49.295767 #32354]  INFO -- Kitchen: -----> Setting up <default-centos-64>...
I, [2014-06-03T11:33:00.500709 #32354]  INFO -- Kitchen: -----> Kitchen is finished. (2m9.08s)
I, [2014-06-03T11:34:26.470481 #32391]  INFO -- Kitchen: -----> Starting Kitchen (v1.2.2.dev)
I, [2014-06-03T11:34:28.026589 #32391]  INFO -- Kitchen: -----> Verifying <default-ubuntu-1204>...
E, [2014-06-03T11:34:31.732743 #32391] ERROR -- Kitchen: Verify failed on instance <default-ubuntu-1204>.
I, [2014-06-03T11:34:55.171693 #32407]  INFO -- Kitchen: -----> Starting Kitchen (v1.2.2.dev)
I, [2014-06-03T11:34:56.187197 #32407]  INFO -- Kitchen: -----> Verifying <default-ubuntu-1204>...
I, [2014-06-03T11:34:59.443794 #32407]  INFO -- Kitchen: -----> Verifying <default-centos-64>...
E, [2014-06-03T11:35:03.152562 #32407] ERROR -- Kitchen: Verify failed on instance <default-centos-64>.
I, [2014-06-03T11:42:58.357261 #32513]  INFO -- Kitchen: -----> Starting Kitchen (v1.2.2.dev)
I, [2014-06-03T11:42:59.799483 #32513]  INFO -- Kitchen: -----> Verifying <default-ubuntu-1204>...
I, [2014-06-03T11:43:03.094762 #32513]  INFO -- Kitchen: -----> Verifying <default-centos-64>...
E, [2014-06-03T11:43:06.594630 #32513] ERROR -- Kitchen: Verify failed on instance <default-centos-64>.
I, [2014-06-03T11:44:32.920456 #32540]  INFO -- Kitchen: -----> Starting Kitchen (v1.2.2.dev)
I, [2014-06-03T11:44:33.692610 #32540]  INFO -- Kitchen: -----> Verifying <default-ubuntu-1204>...
I, [2014-06-03T11:44:35.381411 #32540]  INFO -- Kitchen: -----> Verifying <default-centos-64>...
I, [2014-06-03T11:44:37.210243 #32540]  INFO -- Kitchen: -----> Kitchen is finished. (0m4.29s)
